warning: Tag 'SYMBOL_CACHE_SIZE' at line 328 of file '/Users/Michi/Desktop/CodePortray/doxygen/DoxygenFiles/Doxyfile' has become obsolete.
         To avoid this warning please remove this line from your configuration file or upgrade it using "doxygen -u"
warning: Tag 'SHOW_DIRECTORIES' at line 537 of file '/Users/Michi/Desktop/CodePortray/doxygen/DoxygenFiles/Doxyfile' has become obsolete.
         To avoid this warning please remove this line from your configuration file or upgrade it using "doxygen -u"
warning: Tag 'COLS_IN_ALPHA_INDEX' at line 843 of file '/Users/Michi/Desktop/CodePortray/doxygen/DoxygenFiles/Doxyfile' has become obsolete.
         To avoid this warning please remove this line from your configuration file or upgrade it using "doxygen -u"
warning: Tag 'HTML_ALIGN_MEMBERS' at line 947 of file '/Users/Michi/Desktop/CodePortray/doxygen/DoxygenFiles/Doxyfile' has become obsolete.
         To avoid this warning please remove this line from your configuration file or upgrade it using "doxygen -u"
warning: Tag 'USE_INLINE_TREES' at line 1134 of file '/Users/Michi/Desktop/CodePortray/doxygen/DoxygenFiles/Doxyfile' has become obsolete.
         To avoid this warning please remove this line from your configuration file or upgrade it using "doxygen -u"
warning: Tag 'LATEX_SOURCE_CODE' at line 1299 of file '/Users/Michi/Desktop/CodePortray/doxygen/DoxygenFiles/Doxyfile' has become obsolete.
         To avoid this warning please remove this line from your configuration file or upgrade it using "doxygen -u"
warning: Tag 'XML_SCHEMA' at line 1397 of file '/Users/Michi/Desktop/CodePortray/doxygen/DoxygenFiles/Doxyfile' has become obsolete.
         To avoid this warning please remove this line from your configuration file or upgrade it using "doxygen -u"
warning: Tag 'XML_DTD' at line 1403 of file '/Users/Michi/Desktop/CodePortray/doxygen/DoxygenFiles/Doxyfile' has become obsolete.
         To avoid this warning please remove this line from your configuration file or upgrade it using "doxygen -u"
warning: Tag 'PERL_PATH' at line 1568 of file '/Users/Michi/Desktop/CodePortray/doxygen/DoxygenFiles/Doxyfile' has become obsolete.
         To avoid this warning please remove this line from your configuration file or upgrade it using "doxygen -u"
warning: Tag 'CLASS_DIAGRAMS' at line 1580 of file '/Users/Michi/Desktop/CodePortray/doxygen/DoxygenFiles/Doxyfile' has become obsolete.
         To avoid this warning please remove this line from your configuration file or upgrade it using "doxygen -u"
warning: Tag 'MSCGEN_PATH' at line 1589 of file '/Users/Michi/Desktop/CodePortray/doxygen/DoxygenFiles/Doxyfile' has become obsolete.
         To avoid this warning please remove this line from your configuration file or upgrade it using "doxygen -u"
warning: ignoring unknown character '@' at line 1786, file /Users/Michi/Desktop/CodePortray/doxygen/DoxygenFiles/Doxyfile
warning: ignoring unknown tag 'Borderliner' at line 1786, file /Users/Michi/Desktop/CodePortray/doxygen/DoxygenFiles/Doxyfile
/Users/Michi/Desktop/CodePortray/cpp_app/class.h:5: warning: missing argument after '\class'.
Adding custom extension mapping: 'cu' will be treated as language 'c++'
Adding custom extension mapping: 'cuh' will be treated as language 'c++'
Doxygen version used: 1.9.3
Searching for include files...
Searching for example files...
Searching for images...
Searching for dot files...
Searching for msc files...
Searching for dia files...
Searching for files to exclude
Searching INPUT for files to process...
Searching for files in directory /Users/Michi/Desktop/CodePortray
Searching for files in directory /Users/Michi/Desktop/CodePortray/docs
Searching for files in directory /Users/Michi/Desktop/CodePortray/docs/html
Searching for files in directory /Users/Michi/Desktop/CodePortray/docs/html/search
Searching for files in directory /Users/Michi/Desktop/CodePortray/cpp_app
Searching for files in directory /Users/Michi/Desktop/CodePortray/doxygen
Searching for files in directory /Users/Michi/Desktop/CodePortray/doxygen/DoxygenFiles
Searching for files in directory /Users/Michi/Desktop/CodePortray/cpp_app
Reading and parsing tag files
Parsing files
Preprocessing /Users/Michi/Desktop/CodePortray/cpp_app/class.cpp...
Parsing file /Users/Michi/Desktop/CodePortray/cpp_app/class.cpp...
Preprocessing /Users/Michi/Desktop/CodePortray/cpp_app/class.h...
Parsing file /Users/Michi/Desktop/CodePortray/cpp_app/class.h...
Preprocessing /Users/Michi/Desktop/CodePortray/cpp_app/main.cpp...
Parsing file /Users/Michi/Desktop/CodePortray/cpp_app/main.cpp...
Reading /Users/Michi/Desktop/CodePortray/doxygen/doxyfile.inc...
Parsing file /Users/Michi/Desktop/CodePortray/doxygen/doxyfile.inc...
Reading /Users/Michi/Desktop/CodePortray/doxygen/DoxygenFiles/doxyfile.inc...
Parsing file /Users/Michi/Desktop/CodePortray/doxygen/DoxygenFiles/doxyfile.inc...
Reading /Users/Michi/Desktop/CodePortray/doxygen/Mainpage.md...
Reading /Users/Michi/Desktop/CodePortray/README.md...
Building macro definition list...
Building group list...
Building directory list...
Building namespace list...
Building file list...
Building class list...
Building concept list...
Computing nesting relations for classes...
Associating documentation with classes...
Associating documentation with concepts...
Building example list...
Searching for enumerations...
Searching for documented typedefs...
Searching for members imported via using declarations...
Searching for included using directives...
Searching for documented variables...
Building interface member list...
Building member list...
Searching for friends...
Searching for documented defines...
Computing class inheritance relations...
Computing class usage relations...
Flushing cached template relations that have become invalid...
Computing class relations...
Add enum values to enums...
Searching for member function documentation...
Creating members for template instances...
Building page list...
Search for main page...
Computing page relations...
Determining the scope of groups...
Sorting lists...
Determining which enums are documented
Computing member relations...
Building full member lists recursively...
Adding members to member groups.
Computing member references...
Inheriting documentation...
Generating disk names...
Adding source references...
Adding xrefitems...
Sorting member lists...
Setting anonymous enum type...
Computing dependencies between directories...
Generating citations page...
Counting members...
Counting data structures...
Resolving user defined references...
Finding anchors and sections in the documentation...
Transferring function references...
Combining using relations...
Adding members to index pages...
Correcting members for VHDL...
Computing tooltip texts...
Generating style sheet...
Generating search indices...
Generating example documentation...
Generating file sources...
Generating code for file cpp_app/class.cpp...
Generating code for file cpp_app/class.h...
Generating code for file cpp_app/main.cpp...
Generating code for file doxygen/doxyfile.inc...
Generating code for file doxygen/DoxygenFiles/doxyfile.inc...
Parsing code for file doxygen/Mainpage.md...
Parsing code for file README.md...
Generating file documentation...
Generating docs for file cpp_app/class.cpp...
Generating docs for file cpp_app/class.h...
Generating docs for file cpp_app/main.cpp...
Generating call graph for function main
Generating docs for file doxygen/doxyfile.inc...
Generating docs for file doxygen/DoxygenFiles/doxyfile.inc...
Generating docs for file doxygen/Mainpage.md...
Generating docs for file README.md...
Generating page documentation...
Generating docs for page md_README...
Generating group documentation...
Generating class documentation...
Generating docs for compound Foo...
Generating concept documentation...
Generating namespace index...
Generating graph info page...
Generating directory documentation...
Generating dependency graph for directory doxygen/DoxygenFiles
Generating index page...
Generating page index...
Generating module index...
Generating namespace index...
Generating namespace member index...
Generating concept index...
Generating annotated compound index...
Generating alphabetical compound index...
Generating hierarchical class index...
Generating graphical class hierarchy...
Generating member index...
Generating file index...
Generating file member index...
Generating example index...
finalizing index lists...
writing tag file...
Running plantuml with JAVA...
Running dot...
Generating dot graphs using 2 parallel threads...
Running dot for graph 1/1
Patching output file 1/1
lookup cache used 12/65536 hits=41 misses=12
finished...
